[debug] > Exec(early(addDefaultCommands), None, None)
[debug] > Exec(addDefaultCommands, None, None)
[debug] > Exec(early(initialize), None, None)
[debug] > Exec(initialize, None, None)
[debug] > Exec(boot, None, None)
[debug] > Exec(writeSbtVersion, None, None)
[debug] > Exec(reload, None, None)
[debug] > Exec(sbtStashOnFailure, None, None)
[debug] > Exec(onFailure loadFailed, None, None)
[debug] > Exec(loadp, None, None)
[info] welcome to sbt 1.10.10 (Amazon.com Inc. Java 25)
[debug]       Load.loadUnit: plugins took 39.332584ms
[debug]       Load.loadUnit: defsScala took 0.139416ms
[debug] [Loading] Scanning directory /Users/iklassman/.sbt/1.0/plugins
[debug] [Loading] Found non-root projects 
[debug] [Loading] Done in /Users/iklassman/.sbt/1.0/plugins, returning: ()
[debug] deducing auto plugins based on known facts Set(Atom(sbt.plugins.CorePlugin)) and clauses Clauses(Clause(Atom(sbt.plugins.JvmPlugin),Set(Atom(sbt.plugins.IvyPlugin)))
[debug] Clause(Atom(sbt.ScriptedPlugin),Set(Atom(sbt.plugins.JvmPlugin)))
[debug] Clause(Atom(sbt.plugins.SbtPlugin),Set(Atom(sbt.ScriptedPlugin)))
[debug] Clause(Atom(sbt.plugins.SemanticdbPlugin),Set(Atom(sbt.plugins.JvmPlugin)))
[debug] Clause(Atom(sbt.plugins.JUnitXmlReportPlugin),Set(Atom(sbt.plugins.JvmPlugin)))
[debug] Clause(Atom(sbt.plugins.MiniDependencyTreePlugin),Set(Atom(sbt.plugins.JvmPlugin)))
[debug] Clause(Atom(sbt.plugins.CorePlugin),Set(Atom(sbt.plugins.IvyPlugin)))
[debug] Clause(Atom(sbt.plugins.IvyPlugin),Set(Atom(sbt.plugins.JvmPlugin)))
[debug] Clause(Atom(sbt.plugins.JvmPlugin),Set(Atom(sbt.plugins.SemanticdbPlugin)))
[debug] Clause(Atom(sbt.plugins.JvmPlugin),Set(Atom(sbt.plugins.JUnitXmlReportPlugin)))
[debug] Clause(Atom(sbt.plugins.CorePlugin),Set(Atom(sbt.plugins.Giter8TemplatePlugin)))
[debug] Clause(Atom(sbt.plugins.JvmPlugin),Set(Atom(sbt.plugins.MiniDependencyTreePlugin))))
[debug]   :: deduced result: Matched(sbt.plugins.CorePlugin,sbt.plugins.Giter8TemplatePlugin,sbt.plugins.IvyPlugin,sbt.plugins.JvmPlugin,sbt.plugins.MiniDependencyTreePlugin,sbt.plugins.JUnitXmlReportPlugin,sbt.plugins.SemanticdbPlugin)
[debug] Plugins.deducer#function took 6.894459 ms
[debug]           Load.resolveProject(global-plugins) took 25.774084ms
[debug]         Load.loadTransitive: finalizeProject(Project(id global-plugins, base: /Users/iklassman/.sbt/1.0/plugins, plugins: List(<none>))) took 44.243291ms
[debug] [Loading] Done in /Users/iklassman/.sbt/1.0/plugins, returning: (global-plugins)
[debug]       Load.loadUnit: loadedProjectsRaw took 55.800459ms
[debug]       Load.loadUnit: cleanEvalClasses took 0.081375ms
[debug]     Load.loadUnit(file:/Users/iklassman/.sbt/1.0/plugins/, ...) took 99.476458ms
[debug]   Load.apply: load took 602.675166ms
[debug]   Load.apply: resolveProjects took 2.766833ms
[debug]   Load.apply: finalTransforms took 29.012875ms
[debug]   Load.apply: config.delegates took 2.562084ms
[debug]   Load.apply: Def.make(settings)... took 181.847625ms
[debug]   Load.apply: structureIndex took 41.31225ms
[debug]   Load.apply: mkStreams took 0.608167ms
[info] loading global plugins from /Users/iklassman/.sbt/1.0/plugins
[debug] Running task... Cancel: Signal, check cycles: false, forcegc: true
[debug] Load.defaultLoad until apply took 1468.171667ms
[debug]           Load.loadUnit: plugins took 7.383917ms
[debug]           Load.loadUnit: defsScala took 0.002458ms
[debug] [Loading] Scanning directory /Users/iklassman/sources/observability-stack/backend/project
[debug]             Load.loadUnit: mkEval took 0.874542ms
[debug] [Loading] Found non-root projects 
[debug] [Loading] Done in /Users/iklassman/sources/observability-stack/backend/project, returning: ()
[debug] deducing auto plugins based on known facts Set(Atom(sbt.plugins.CorePlugin)) and clauses Clauses(Clause(Atom(sbt.plugins.JvmPlugin),Set(Atom(sbt.plugins.IvyPlugin)))
[debug] Clause(Atom(sbt.ScriptedPlugin),Set(Atom(sbt.plugins.JvmPlugin)))
[debug] Clause(Atom(sbt.plugins.SbtPlugin),Set(Atom(sbt.ScriptedPlugin)))
[debug] Clause(Atom(sbt.plugins.SemanticdbPlugin),Set(Atom(sbt.plugins.JvmPlugin)))
[debug] Clause(Atom(sbt.plugins.JUnitXmlReportPlugin),Set(Atom(sbt.plugins.JvmPlugin)))
[debug] Clause(Atom(sbt.plugins.MiniDependencyTreePlugin),Set(Atom(sbt.plugins.JvmPlugin)))
[debug] Clause(Atom(sbt.plugins.CorePlugin),Set(Atom(sbt.plugins.IvyPlugin)))
[debug] Clause(Atom(sbt.plugins.IvyPlugin),Set(Atom(sbt.plugins.JvmPlugin)))
[debug] Clause(Atom(sbt.plugins.JvmPlugin),Set(Atom(sbt.plugins.SemanticdbPlugin)))
[debug] Clause(Atom(sbt.plugins.JvmPlugin),Set(Atom(sbt.plugins.JUnitXmlReportPlugin)))
[debug] Clause(Atom(sbt.plugins.CorePlugin),Set(Atom(sbt.plugins.Giter8TemplatePlugin)))
[debug] Clause(Atom(sbt.plugins.JvmPlugin),Set(Atom(sbt.plugins.MiniDependencyTreePlugin))))
[debug]   :: deduced result: Matched(sbt.plugins.CorePlugin,sbt.plugins.Giter8TemplatePlugin,sbt.plugins.IvyPlugin,sbt.plugins.JvmPlugin,sbt.plugins.MiniDependencyTreePlugin,sbt.plugins.JUnitXmlReportPlugin,sbt.plugins.SemanticdbPlugin)
[debug] Plugins.deducer#function took 0.89925 ms
[info] loading settings for project backend-build from plugins.sbt...
[debug]               Load.resolveProject(backend-build) took 15.639375ms
[debug]             Load.loadTransitive: finalizeProject(Project(id backend-build, base: /Users/iklassman/sources/observability-stack/backend/project, plugins: List(<none>))) took 16.841791ms
[debug] [Loading] Done in /Users/iklassman/sources/observability-stack/backend/project, returning: (backend-build)
[debug]           Load.loadUnit: loadedProjectsRaw took 666.325208ms
[debug]           Load.loadUnit: cleanEvalClasses took 1.670917ms
[debug]         Load.loadUnit(file:/Users/iklassman/sources/observability-stack/backend/project/, ...) took 675.804917ms
[debug]       Load.apply: load took 676.409583ms
[debug]       Load.apply: resolveProjects took 0.048959ms
[debug]       Load.apply: finalTransforms took 4.501541ms
[debug]       Load.apply: config.delegates took 0.238667ms
[debug]       Load.apply: Def.make(settings)... took 50.053458ms
[debug]       Load.apply: structureIndex took 20.566458ms
[debug]       Load.apply: mkStreams took 0.002292ms
[info] loading project definition from /Users/iklassman/sources/observability-stack/backend/project
[debug] Running task... Cancel: Signal, check cycles: false, forcegc: true
[debug]     Load.loadUnit: plugins took 1474.62725ms
[debug]     Load.loadUnit: defsScala took 0.001166ms
[debug] [Loading] Scanning directory /Users/iklassman/sources/observability-stack/backend
[debug]       Load.loadUnit: mkEval took 0.315792ms
[debug] [Loading] Found root project backend w/ remaining 
[debug] deducing auto plugins based on known facts Set(Atom(sbt.plugins.CorePlugin)) and clauses Clauses(Clause(Atom(sbt.plugins.JvmPlugin),Set(Atom(sbt.plugins.IvyPlugin)))
[debug] Clause(Atom(sbt.ScriptedPlugin),Set(Atom(sbt.plugins.JvmPlugin)))
[debug] Clause(Atom(sbt.plugins.SbtPlugin),Set(Atom(sbt.ScriptedPlugin)))
[debug] Clause(Atom(sbt.plugins.SemanticdbPlugin),Set(Atom(sbt.plugins.JvmPlugin)))
[debug] Clause(Atom(sbt.plugins.JUnitXmlReportPlugin),Set(Atom(sbt.plugins.JvmPlugin)))
[debug] Clause(Atom(sbt.plugins.MiniDependencyTreePlugin),Set(Atom(sbt.plugins.JvmPlugin)))
[debug] Clause(Atom(sbtassembly.AssemblyPlugin),Set(Atom(sbt.plugins.JvmPlugin)))
[debug] Clause(Atom(sbt.plugins.CorePlugin),Set(Atom(sbt.plugins.IvyPlugin)))
[debug] Clause(Atom(sbt.plugins.IvyPlugin),Set(Atom(sbt.plugins.JvmPlugin)))
[debug] Clause(Atom(sbt.plugins.JvmPlugin),Set(Atom(sbt.plugins.SemanticdbPlugin)))
[debug] Clause(Atom(sbt.plugins.JvmPlugin),Set(Atom(sbt.plugins.JUnitXmlReportPlugin)))
[debug] Clause(Atom(sbt.plugins.CorePlugin),Set(Atom(sbt.plugins.Giter8TemplatePlugin)))
[debug] Clause(Atom(sbt.plugins.JvmPlugin),Set(Atom(sbt.plugins.MiniDependencyTreePlugin)))
[debug] Clause(Atom(sbt.plugins.JvmPlugin),Set(Atom(sbtassembly.AssemblyPlugin))))
[debug]   :: deduced result: Matched(sbt.plugins.CorePlugin,sbt.plugins.Giter8TemplatePlugin,sbt.plugins.IvyPlugin,sbt.plugins.JvmPlugin,sbtassembly.AssemblyPlugin,sbt.plugins.MiniDependencyTreePlugin,sbt.plugins.JUnitXmlReportPlugin,sbt.plugins.SemanticdbPlugin)
[debug] Plugins.deducer#function took 2.061292 ms
[info] loading settings for project backend from build.sbt...
[debug]         Load.resolveProject(backend) took 12.901625ms
[debug]       Load.loadTransitive: finalizeProject(Project(id backend, base: /Users/iklassman/sources/observability-stack/backend, plugins: List(<none>))) took 15.544ms
[debug] [Loading] Done in /Users/iklassman/sources/observability-stack/backend, returning: (backend)
[debug]     Load.loadUnit: loadedProjectsRaw took 1286.614375ms
[debug]     Load.loadUnit: cleanEvalClasses took 1.847375ms
[debug]   Load.loadUnit(file:/Users/iklassman/sources/observability-stack/backend/, ...) took 2763.594708ms
[debug] Load.apply: load took 2765.22075ms
[debug] Load.apply: resolveProjects took 0.111417ms
[debug] Load.apply: finalTransforms took 13.240375ms
[debug] Load.apply: config.delegates took 0.22375ms
[debug] Load.apply: Def.make(settings)... took 52.794417ms
[debug] Load.apply: structureIndex took 56.572042ms
[debug] Load.apply: mkStreams took 0.002125ms
[info] set current project to loan-backend (in build file:/Users/iklassman/sources/observability-stack/backend/)
[debug] > Exec(sbtPopOnFailure, None, None)
[debug] > Exec(resumeFromFailure, None, None)
[debug] > Exec(notifyUsersAboutShell, None, None)
[info] Executing in batch mode. For better performance use sbt's shell
[debug] > Exec(iflast shell, None, None)
[debug] > Exec(compile, None, None)
[debug] Evaluating tasks: Compile / compile
[debug] Running task... Cancel: Signal, check cycles: false, forcegc: true
